<?xml version="1.0" encoding="UTF-8"?>
<!-- Generated by org.testng.reporters.JUnitReportReporter -->
<testsuite skipped="0" hostname="IMRAN-PC" name="com.bitm.SeleniumOnlineProject3.Test.LoginTest" tests="2" failures="0" timestamp="2021-01-03T21:53:28 BDT" time="21.469" errors="0">
  <testcase name="homepagetitleverify" time="12.922" classname="com.bitm.SeleniumOnlineProject3.Test.LoginTest"/>
  <system-out/>
  <testcase name="logintest" time="8.547" classname="com.bitm.SeleniumOnlineProject3.Test.LoginTest"/>
  <system-out/>
</testsuite> <!-- com.bitm.SeleniumOnlineProject3.Test.LoginTest -->
