<?xml version="1.0" encoding="UTF-8"?>
<!-- Generated by org.testng.reporters.JUnitReportReporter -->
<testsuite skipped="0" hostname="IMRAN-PC" name="com.bitm.SeleniumOnlineProject3.Test.LoginTest" tests="2" failures="0" timestamp="2020-12-20T22:21:49 BDT" time="18.683" errors="0">
  <testcase name="logintest" time="5.837" classname="com.bitm.SeleniumOnlineProject3.Test.LoginTest"/>
  <system-out/>
  <testcase name="homepagetitleverify" time="12.846" classname="com.bitm.SeleniumOnlineProject3.Test.LoginTest"/>
  <system-out/>
</testsuite> <!-- com.bitm.SeleniumOnlineProject3.Test.LoginTest -->
