<?xml version="1.0" encoding="UTF-8"?>
<!-- Generated by org.testng.reporters.JUnitReportReporter -->
<testsuite skipped="0" hostname="IMRAN-PC" name="com.bitm.SeleniumOnlineProject3.Utils.DriverManager" tests="1" failures="0" timestamp="2020-12-20T19:42:08 BDT" time="0.013" errors="0">
  <testcase name="TestDrivermanager" time="0.013" classname="com.bitm.SeleniumOnlineProject3.Utils.DriverManager"/>
  <system-out/>
</testsuite> <!-- com.bitm.SeleniumOnlineProject3.Utils.DriverManager -->
