<?xml version="1.0" encoding="UTF-8"?>
<!-- Generated by org.testng.reporters.JUnitReportReporter -->
<testsuite skipped="0" hostname="IMRAN-PC" name="com.bitm.SeleniumOnlineProject3.Test.AssignLeaveTest" tests="1" failures="0" timestamp="2020-12-20T22:21:49 BDT" time="2.557" errors="0">
  <testcase name="assignleavetest" time="2.557" classname="com.bitm.SeleniumOnlineProject3.Test.AssignLeaveTest"/>
  <system-out/>
</testsuite> <!-- com.bitm.SeleniumOnlineProject3.Test.AssignLeaveTest -->
